Aug 03, 2017 12:46:53 PM com.ca.gateway.rest.commandline.command.GatewayCommand setClientConfig
WARNING: TLS hostname verification has been disabled
Aug 03, 2017 12:46:53 PM com.ca.gateway.rest.commandline.command.GatewayCommand setClientConfig
WARNING: TLS server certificate check has been disabled
Aug 03, 2017 12:46:53 PM com.ca.gateway.rest.commandline.command.Command runCommand
INFO: Running Command: migrateIn
Aug 03, 2017 12:46:58 PM com.ca.gateway.rest.commandline.command.GatewayCommand setClientConfig
WARNING: TLS hostname verification has been disabled
Aug 03, 2017 12:46:58 PM com.ca.gateway.rest.commandline.command.GatewayCommand setClientConfig
WARNING: TLS server certificate check has been disabled
Aug 03, 2017 12:46:58 PM com.ca.gateway.rest.commandline.command.Command runCommand
INFO: Running Command: migrateIn
Aug 03, 2017 2:01:47 PM com.ca.gateway.rest.commandline.command.GatewayCommand setClientConfig
WARNING: TLS hostname verification has been disabled
Aug 03, 2017 2:01:47 PM com.ca.gateway.rest.commandline.command.GatewayCommand setClientConfig
WARNING: TLS server certificate check has been disabled
Aug 03, 2017 2:01:47 PM com.ca.gateway.rest.commandline.command.Command runCommand
INFO: Running Command: migrateIn
Aug 03, 2017 2:01:51 PM com.ca.gateway.rest.commandline.command.GatewayCommand setClientConfig
WARNING: TLS hostname verification has been disabled
Aug 03, 2017 2:01:51 PM com.ca.gateway.rest.commandline.command.GatewayCommand setClientConfig
WARNING: TLS server certificate check has been disabled
Aug 03, 2017 2:01:51 PM com.ca.gateway.rest.commandline.command.Command runCommand
INFO: Running Command: migrateIn
Aug 07, 2017 2:02:48 PM com.ca.gateway.rest.commandline.command.GatewayCommand setClientConfig
WARNING: TLS hostname verification has been disabled
Aug 07, 2017 2:02:48 PM com.ca.gateway.rest.commandline.command.GatewayCommand setClientConfig
WARNING: TLS server certificate check has been disabled
Aug 07, 2017 2:02:48 PM com.ca.gateway.rest.commandline.command.Command runCommand
INFO: Running Command: migrateIn
Aug 07, 2017 2:02:57 PM com.ca.gateway.rest.commandline.command.GatewayCommand setClientConfig
WARNING: TLS hostname verification has been disabled
Aug 07, 2017 2:02:57 PM com.ca.gateway.rest.commandline.command.GatewayCommand setClientConfig
WARNING: TLS server certificate check has been disabled
Aug 07, 2017 2:02:57 PM com.ca.gateway.rest.commandline.command.Command runCommand
INFO: Running Command: migrateIn
Aug 07, 2017 2:33:11 PM com.ca.gateway.rest.commandline.command.GatewayCommand setClientConfig
WARNING: TLS hostname verification has been disabled
Aug 07, 2017 2:33:11 PM com.ca.gateway.rest.commandline.command.GatewayCommand setClientConfig
WARNING: TLS server certificate check has been disabled
Aug 07, 2017 2:33:11 PM com.ca.gateway.rest.commandline.command.Command runCommand
INFO: Running Command: migrateIn
Aug 07, 2017 2:33:20 PM com.ca.gateway.rest.commandline.command.GatewayCommand setClientConfig
WARNING: TLS hostname verification has been disabled
Aug 07, 2017 2:33:20 PM com.ca.gateway.rest.commandline.command.GatewayCommand setClientConfig
WARNING: TLS server certificate check has been disabled
Aug 07, 2017 2:33:20 PM com.ca.gateway.rest.commandline.command.Command runCommand
INFO: Running Command: migrateIn
Aug 09, 2017 7:51:25 AM com.ca.gateway.rest.commandline.command.GatewayCommand setClientConfig
WARNING: TLS hostname verification has been disabled
Aug 09, 2017 7:51:25 AM com.ca.gateway.rest.commandline.command.GatewayCommand setClientConfig
WARNING: TLS server certificate check has been disabled
Aug 09, 2017 7:51:25 AM com.ca.gateway.rest.commandline.command.Command runCommand
INFO: Running Command: migrateIn
Aug 09, 2017 7:51:30 AM com.ca.gateway.rest.commandline.command.GatewayCommand setClientConfig
WARNING: TLS hostname verification has been disabled
Aug 09, 2017 7:51:30 AM com.ca.gateway.rest.commandline.command.GatewayCommand setClientConfig
WARNING: TLS server certificate check has been disabled
Aug 09, 2017 7:51:30 AM com.ca.gateway.rest.commandline.command.Command runCommand
INFO: Running Command: migrateIn
Aug 09, 2017 9:07:11 AM com.ca.gateway.rest.commandline.command.GatewayCommand setClientConfig
WARNING: TLS hostname verification has been disabled
Aug 09, 2017 9:07:11 AM com.ca.gateway.rest.commandline.command.GatewayCommand setClientConfig
WARNING: TLS server certificate check has been disabled
Aug 09, 2017 9:07:11 AM com.ca.gateway.rest.commandline.command.Command runCommand
INFO: Running Command: migrateIn
Aug 09, 2017 9:07:15 AM com.ca.gateway.rest.commandline.command.GatewayCommand setClientConfig
WARNING: TLS hostname verification has been disabled
Aug 09, 2017 9:07:15 AM com.ca.gateway.rest.commandline.command.GatewayCommand setClientConfig
WARNING: TLS server certificate check has been disabled
Aug 09, 2017 9:07:15 AM com.ca.gateway.rest.commandline.command.Command runCommand
INFO: Running Command: migrateIn
Aug 09, 2017 9:59:23 AM com.ca.gateway.rest.commandline.command.GatewayCommand setClientConfig
WARNING: TLS hostname verification has been disabled
Aug 09, 2017 9:59:23 AM com.ca.gateway.rest.commandline.command.GatewayCommand setClientConfig
WARNING: TLS server certificate check has been disabled
Aug 09, 2017 9:59:23 AM com.ca.gateway.rest.commandline.command.Command runCommand
INFO: Running Command: migrateIn
Aug 09, 2017 9:59:26 AM com.ca.gateway.rest.commandline.command.GatewayCommand setClientConfig
WARNING: TLS hostname verification has been disabled
Aug 09, 2017 9:59:26 AM com.ca.gateway.rest.commandline.command.GatewayCommand setClientConfig
WARNING: TLS server certificate check has been disabled
Aug 09, 2017 9:59:26 AM com.ca.gateway.rest.commandline.command.Command runCommand
INFO: Running Command: migrateIn
Aug 09, 2017 11:43:07 AM com.ca.gateway.rest.commandline.command.GatewayCommand setClientConfig
WARNING: TLS hostname verification has been disabled
Aug 09, 2017 11:43:07 AM com.ca.gateway.rest.commandline.command.GatewayCommand setClientConfig
WARNING: TLS server certificate check has been disabled
Aug 09, 2017 11:43:07 AM com.ca.gateway.rest.commandline.command.Command runCommand
INFO: Running Command: migrateIn
Aug 09, 2017 11:43:11 AM com.ca.gateway.rest.commandline.command.GatewayCommand setClientConfig
WARNING: TLS hostname verification has been disabled
Aug 09, 2017 11:43:11 AM com.ca.gateway.rest.commandline.command.GatewayCommand setClientConfig
WARNING: TLS server certificate check has been disabled
Aug 09, 2017 11:43:11 AM com.ca.gateway.rest.commandline.command.Command runCommand
INFO: Running Command: migrateIn
Aug 14, 2017 12:16:52 PM com.ca.gateway.rest.commandline.command.GatewayCommand setClientConfig
WARNING: TLS hostname verification has been disabled
Aug 14, 2017 12:16:52 PM com.ca.gateway.rest.commandline.command.GatewayCommand setClientConfig
WARNING: TLS server certificate check has been disabled
Aug 14, 2017 12:16:52 PM com.ca.gateway.rest.commandline.command.Command runCommand
INFO: Running Command: migrateIn
Aug 14, 2017 12:16:56 PM com.ca.gateway.rest.commandline.command.GatewayCommand setClientConfig
WARNING: TLS hostname verification has been disabled
Aug 14, 2017 12:16:56 PM com.ca.gateway.rest.commandline.command.GatewayCommand setClientConfig
WARNING: TLS server certificate check has been disabled
Aug 14, 2017 12:16:56 PM com.ca.gateway.rest.commandline.command.Command runCommand
INFO: Running Command: migrateIn
Aug 14, 2017 12:38:59 PM com.ca.gateway.rest.commandline.command.GatewayCommand setClientConfig
WARNING: TLS hostname verification has been disabled
Aug 14, 2017 12:38:59 PM com.ca.gateway.rest.commandline.command.GatewayCommand setClientConfig
WARNING: TLS server certificate check has been disabled
Aug 14, 2017 12:38:59 PM com.ca.gateway.rest.commandline.command.Command runCommand
INFO: Running Command: migrateIn
Aug 14, 2017 12:39:03 PM com.ca.gateway.rest.commandline.command.GatewayCommand setClientConfig
WARNING: TLS hostname verification has been disabled
Aug 14, 2017 12:39:03 PM com.ca.gateway.rest.commandline.command.GatewayCommand setClientConfig
WARNING: TLS server certificate check has been disabled
Aug 14, 2017 12:39:03 PM com.ca.gateway.rest.commandline.command.Command runCommand
INFO: Running Command: migrateIn
Aug 14, 2017 1:14:18 PM com.ca.gateway.rest.commandline.command.GatewayCommand setClientConfig
WARNING: TLS hostname verification has been disabled
Aug 14, 2017 1:14:18 PM com.ca.gateway.rest.commandline.command.GatewayCommand setClientConfig
WARNING: TLS server certificate check has been disabled
Aug 14, 2017 1:14:18 PM com.ca.gateway.rest.commandline.command.Command runCommand
INFO: Running Command: migrateIn
Aug 14, 2017 1:14:25 PM com.ca.gateway.rest.commandline.command.GatewayCommand setClientConfig
WARNING: TLS hostname verification has been disabled
Aug 14, 2017 1:14:25 PM com.ca.gateway.rest.commandline.command.GatewayCommand setClientConfig
WARNING: TLS server certificate check has been disabled
Aug 14, 2017 1:14:25 PM com.ca.gateway.rest.commandline.command.Command runCommand
INFO: Running Command: migrateIn
Aug 14, 2017 6:35:26 PM com.ca.gateway.rest.commandline.command.GatewayCommand setClientConfig
WARNING: TLS hostname verification has been disabled
Aug 14, 2017 6:35:26 PM com.ca.gateway.rest.commandline.command.GatewayCommand setClientConfig
WARNING: TLS server certificate check has been disabled
Aug 14, 2017 6:35:26 PM com.ca.gateway.rest.commandline.command.Command runCommand
INFO: Running Command: migrateIn
Aug 14, 2017 6:35:30 PM com.ca.gateway.rest.commandline.command.GatewayCommand setClientConfig
WARNING: TLS hostname verification has been disabled
Aug 14, 2017 6:35:30 PM com.ca.gateway.rest.commandline.command.GatewayCommand setClientConfig
WARNING: TLS server certificate check has been disabled
Aug 14, 2017 6:35:30 PM com.ca.gateway.rest.commandline.command.Command runCommand
INFO: Running Command: migrateIn
Aug 16, 2017 3:43:02 PM com.ca.gateway.rest.commandline.command.GatewayCommand setClientConfig
WARNING: TLS hostname verification has been disabled
Aug 16, 2017 3:43:02 PM com.ca.gateway.rest.commandline.command.GatewayCommand setClientConfig
WARNING: TLS server certificate check has been disabled
Aug 16, 2017 3:43:02 PM com.ca.gateway.rest.commandline.command.Command runCommand
INFO: Running Command: migrateIn
Aug 16, 2017 3:43:07 PM com.ca.gateway.rest.commandline.command.GatewayCommand setClientConfig
WARNING: TLS hostname verification has been disabled
Aug 16, 2017 3:43:08 PM com.ca.gateway.rest.commandline.command.GatewayCommand setClientConfig
WARNING: TLS server certificate check has been disabled
Aug 16, 2017 3:43:08 PM com.ca.gateway.rest.commandline.command.Command runCommand
INFO: Running Command: migrateIn
